# JRE version: OpenJDK Runtime Environment Temurin-17.0.6+10 (17.0.6+10) (build 17.0.6+10)
# Java VM: OpenJDK 64-Bit Server VM Temurin-17.0.6+10 (17.0.6+10, mixed mode, tiered, compressed oops, compressed class ptrs, parallel gc, windows-amd64)
GC Precious Log:
 CPUs: 4 total, 4 available
 Memory: 3998M
 Large Page Support: Disabled
 NUMA Support: Disabled
 Compressed Oops: Enabled (32-bit)
 Alignments: Space 512K, Generation 512K, Heap 2M
 Heap Min Capacity: 100M
 Heap Initial Capacity: 100M
 Heap Max Capacity: 1G
 Pre-touch: Disabled
 Parallel Workers: 4
Heap:
 PSYoungGen      total 20992K, used 12677K [0x00000000eab00000, 0x00000000ec580000, 0x0000000100000000)
  eden space 15872K, 47% used [0x00000000eab00000,0x00000000eb261e98,0x00000000eba80000)
  from space 5120K, 99% used [0x00000000ec080000,0x00000000ec57f868,0x00000000ec580000)
  to   space 5632K, 0% used [0x00000000eba80000,0x00000000eba80000,0x00000000ec000000)
 ParOldGen       total 114688K, used 92155K [0x00000000c0000000, 0x00000000c7000000, 0x00000000eab00000)
  object space 114688K, 80% used [0x00000000c0000000,0x00000000c59fed78,0x00000000c7000000)
 Metaspace       used 72696K, committed 73664K, reserved 1122304K
  class space    used 7711K, committed 8128K, reserved 1048576K
GC Heap History (20 events):
Event: 2167.845 GC heap before
{Heap before GC invocations=41 (full 5):
 PSYoungGen      total 20992K, used 20938K [0x00000000eab00000, 0x00000000eca80000, 0x0000000100000000)
  eden space 15872K, 100% used [0x00000000eab00000,0x00000000eba80000,0x00000000eba80000)
  from space 5120K, 98% used [0x00000000ec580000,0x00000000eca72b50,0x00000000eca80000)
  to   space 7680K, 0% used [0x00000000ebb80000,0x00000000ebb80000,0x00000000ec300000)
 ParOldGen       total 114688K, used 84044K [0x00000000c0000000, 0x00000000c7000000, 0x00000000eab00000)
  object space 114688K, 73% used [0x00000000c0000000,0x00000000c5213258,0x00000000c7000000)
 Metaspace       used 68626K, committed 69696K, reserved 1114112K
  class space    used 7260K, committed 7744K, reserved 1048576K
}
Event: 2167.858 GC heap after
{Heap after GC invocations=41 (full 5):
 PSYoungGen      total 23552K, used 7257K [0x00000000eab00000, 0x00000000eca80000, 0x0000000100000000)
  eden space 15872K, 0% used [0x00000000eab00000,0x00000000eab00000,0x00000000eba80000)
  from space 7680K, 94% used [0x00000000ebb80000,0x00000000ec296450,0x00000000ec300000)
  to   space 7680K, 0% used [0x00000000ec300000,0x00000000ec300000,0x00000000eca80000)
 ParOldGen       total 114688K, used 84052K [0x00000000c0000000, 0x00000000c7000000, 0x00000000eab00000)
  object space 114688K, 73% used [0x00000000c0000000,0x00000000c5215258,0x00000000c7000000)
 Metaspace       used 68626K, committed 69696K, reserved 1114112K
  class space    used 7260K, committed 7744K, reserved 1048576K
}
Event: 2169.526 GC heap before
{Heap before GC invocations=42 (full 5):
 PSYoungGen      total 23552K, used 23129K [0x00000000eab00000, 0x00000000eca80000, 0x0000000100000000)
  eden space 15872K, 100% used [0x00000000eab00000,0x00000000eba80000,0x00000000eba80000)
  from space 7680K, 94% used [0x00000000ebb80000,0x00000000ec296450,0x00000000ec300000)
  to   space 7680K, 0% used [0x00000000ec300000,0x00000000ec300000,0x00000000eca80000)
 ParOldGen       total 114688K, used 84052K [0x00000000c0000000, 0x00000000c7000000, 0x00000000eab00000)
  object space 114688K, 73% used [0x00000000c0000000,0x00000000c5215258,0x00000000c7000000)
 Metaspace       used 68758K, committed 69824K, reserved 1114112K
  class space    used 7260K, committed 7744K, reserved 1048576K
}
Event: 2169.540 GC heap after
{Heap after GC invocations=42 (full 5):
 PSYoungGen      total 23040K, used 6809K [0x00000000eab00000, 0x00000000eca00000, 0x0000000100000000)
  eden space 15872K, 0% used [0x00000000eab00000,0x00000000eab00000,0x00000000eba80000)
  from space 7168K, 94% used [0x00000000ec300000,0x00000000ec9a6430,0x00000000eca00000)
  to   space 7168K, 0% used [0x00000000ebc00000,0x00000000ebc00000,0x00000000ec300000)
 ParOldGen       total 114688K, used 84060K [0x00000000c0000000, 0x00000000c7000000, 0x00000000eab00000)
  object space 114688K, 73% used [0x00000000c0000000,0x00000000c5217258,0x00000000c7000000)
 Metaspace       used 68758K, committed 69824K, reserved 1114112K
  class space    used 7260K, committed 7744K, reserved 1048576K
}
Event: 2171.516 GC heap before
{Heap before GC invocations=43 (full 5):
 PSYoungGen      total 23040K, used 22681K [0x00000000eab00000, 0x00000000eca00000, 0x0000000100000000)
  eden space 15872K, 100% used [0x00000000eab00000,0x00000000eba80000,0x00000000eba80000)
  from space 7168K, 94% used [0x00000000ec300000,0x00000000ec9a6430,0x00000000eca00000)
  to   space 7168K, 0% used [0x00000000ebc00000,0x00000000ebc00000,0x00000000ec300000)
 ParOldGen       total 114688K, used 84060K [0x00000000c0000000, 0x00000000c7000000, 0x00000000eab00000)
  object space 114688K, 73% used [0x00000000c0000000,0x00000000c5217258,0x00000000c7000000)
 Metaspace       used 69423K, committed 70464K, reserved 1114112K
  class space    used 7353K, committed 7808K, reserved 1048576K
}
Event: 2171.526 GC heap after
{Heap after GC invocations=43 (full 5):
 PSYoungGen      total 23040K, used 7001K [0x00000000eab00000, 0x00000000ec880000, 0x0000000100000000)
  eden space 15872K, 0% used [0x00000000eab00000,0x00000000eab00000,0x00000000eba80000)
  from space 7168K, 97% used [0x00000000ebc00000,0x00000000ec2d6430,0x00000000ec300000)
  to   space 5632K, 0% used [0x00000000ec300000,0x00000000ec300000,0x00000000ec880000)
 ParOldGen       total 114688K, used 84068K [0x00000000c0000000, 0x00000000c7000000, 0x00000000eab00000)
  object space 114688K, 73% used [0x00000000c0000000,0x00000000c5219258,0x00000000c7000000)
 Metaspace       used 69423K, committed 70464K, reserved 1114112K
  class space    used 7353K, committed 7808K, reserved 1048576K
}
Event: 2171.904 GC heap before
{Heap before GC invocations=44 (full 5):
 PSYoungGen      total 23040K, used 22873K [0x00000000eab00000, 0x00000000ec880000, 0x0000000100000000)
  eden space 15872K, 100% used [0x00000000eab00000,0x00000000eba80000,0x00000000eba80000)
  from space 7168K, 97% used [0x00000000ebc00000,0x00000000ec2d6430,0x00000000ec300000)
  to   space 5632K, 0% used [0x00000000ec300000,0x00000000ec300000,0x00000000ec880000)
 ParOldGen       total 114688K, used 84068K [0x00000000c0000000, 0x00000000c7000000, 0x00000000eab00000)
  object space 114688K, 73% used [0x00000000c0000000,0x00000000c5219258,0x00000000c7000000)
 Metaspace       used 69919K, committed 70976K, reserved 1114112K
  class space    used 7431K, committed 7872K, reserved 1048576K
}
Event: 2171.916 GC heap after
{Heap after GC invocations=44 (full 5):
 PSYoungGen      total 21504K, used 5625K [0x00000000eab00000, 0x00000000ecb80000, 0x0000000100000000)
  eden space 15872K, 0% used [0x00000000eab00000,0x00000000eab00000,0x00000000eba80000)
  from space 5632K, 99% used [0x00000000ec300000,0x00000000ec87e430,0x00000000ec880000)
  to   space 8704K, 0% used [0x00000000eba80000,0x00000000eba80000,0x00000000ec300000)
 ParOldGen       total 114688K, used 86890K [0x00000000c0000000, 0x00000000c7000000, 0x00000000eab00000)
  object space 114688K, 75% used [0x00000000c0000000,0x00000000c54da948,0x00000000c7000000)
 Metaspace       used 69919K, committed 70976K, reserved 1114112K
  class space    used 7431K, committed 7872K, reserved 1048576K
}
Event: 2172.481 GC heap before
{Heap before GC invocations=45 (full 5):
 PSYoungGen      total 21504K, used 21490K [0x00000000eab00000, 0x00000000ecb80000, 0x0000000100000000)
  eden space 15872K, 99% used [0x00000000eab00000,0x00000000eba7e418,0x00000000eba80000)
  from space 5632K, 99% used [0x00000000ec300000,0x00000000ec87e430,0x00000000ec880000)
  to   space 8704K, 0% used [0x00000000eba80000,0x00000000eba80000,0x00000000ec300000)
 ParOldGen       total 114688K, used 86890K [0x00000000c0000000, 0x00000000c7000000, 0x00000000eab00000)
  object space 114688K, 75% used [0x00000000c0000000,0x00000000c54da948,0x00000000c7000000)
 Metaspace       used 70430K, committed 71488K, reserved 1114112K
  class space    used 7476K, committed 7936K, reserved 1048576K
}
Event: 2172.494 GC heap after
{Heap after GC invocations=45 (full 5):
 PSYoungGen      total 21504K, used 5605K [0x00000000eab00000, 0x00000000ec780000, 0x0000000100000000)
  eden space 15872K, 0% used [0x00000000eab00000,0x00000000eab00000,0x00000000eba80000)
  from space 5632K, 99% used [0x00000000eba80000,0x00000000ebff97e8,0x00000000ec000000)
  to   space 6656K, 0% used [0x00000000ec100000,0x00000000ec100000,0x00000000ec780000)
 ParOldGen       total 114688K, used 91803K [0x00000000c0000000, 0x00000000c7000000, 0x00000000eab00000)
  object space 114688K, 80% used [0x00000000c0000000,0x00000000c59a6d78,0x00000000c7000000)
 Metaspace       used 70430K, committed 71488K, reserved 1114112K
  class space    used 7476K, committed 7936K, reserved 1048576K
}
Event: 2173.149 GC heap before
{Heap before GC invocations=46 (full 5):
 PSYoungGen      total 21504K, used 21457K [0x00000000eab00000, 0x00000000ec780000, 0x0000000100000000)
  eden space 15872K, 99% used [0x00000000eab00000,0x00000000eba7afe0,0x00000000eba80000)
  from space 5632K, 99% used [0x00000000eba80000,0x00000000ebff97e8,0x00000000ec000000)
  to   space 6656K, 0% used [0x00000000ec100000,0x00000000ec100000,0x00000000ec780000)
 ParOldGen       total 114688K, used 91803K [0x00000000c0000000, 0x00000000c7000000, 0x00000000eab00000)
  object space 114688K, 80% used [0x00000000c0000000,0x00000000c59a6d78,0x00000000c7000000)
 Metaspace       used 71692K, committed 72768K, reserved 1114112K
  class space    used 7629K, committed 8064K, reserved 1048576K
}
Event: 2173.157 GC heap after
{Heap after GC invocations=46 (full 5):
 PSYoungGen      total 22016K, used 5824K [0x00000000eab00000, 0x00000000ec700000, 0x0000000100000000)
  eden space 15872K, 0% used [0x00000000eab00000,0x00000000eab00000,0x00000000eba80000)
  from space 6144K, 94% used [0x00000000ec100000,0x00000000ec6b02c0,0x00000000ec700000)
  to   space 6144K, 0% used [0x00000000ebb00000,0x00000000ebb00000,0x00000000ec100000)
 ParOldGen       total 114688K, used 91811K [0x00000000c0000000, 0x00000000c7000000, 0x00000000eab00000)
  object space 114688K, 80% used [0x00000000c0000000,0x00000000c59a8d78,0x00000000c7000000)
 Metaspace       used 71692K, committed 72768K, reserved 1114112K
  class space    used 7629K, committed 8064K, reserved 1048576K
}
Event: 2174.818 GC heap before
{Heap before GC invocations=47 (full 5):
 PSYoungGen      total 22016K, used 21696K [0x00000000eab00000, 0x00000000ec700000, 0x0000000100000000)
  eden space 15872K, 100% used [0x00000000eab00000,0x00000000eba80000,0x00000000eba80000)
  from space 6144K, 94% used [0x00000000ec100000,0x00000000ec6b02c0,0x00000000ec700000)
  to   space 6144K, 0% used [0x00000000ebb00000,0x00000000ebb00000,0x00000000ec100000)
 ParOldGen       total 114688K, used 91811K [0x00000000c0000000, 0x00000000c7000000, 0x00000000eab00000)
  object space 114688K, 80% used [0x00000000c0000000,0x00000000c59a8d78,0x00000000c7000000)
 Metaspace       used 71770K, committed 72832K, reserved 1114112K
  class space    used 7629K, committed 8064K, reserved 1048576K
}
Event: 2174.832 GC heap after
{Heap after GC invocations=47 (full 5):
 PSYoungGen      total 22016K, used 5860K [0x00000000eab00000, 0x00000000ec680000, 0x0000000100000000)
  eden space 15872K, 0% used [0x00000000eab00000,0x00000000eab00000,0x00000000eba80000)
  from space 6144K, 95% used [0x00000000ebb00000,0x00000000ec0b9198,0x00000000ec100000)
  to   space 5632K, 0% used [0x00000000ec100000,0x00000000ec100000,0x00000000ec680000)
 ParOldGen       total 114688K, used 91819K [0x00000000c0000000, 0x00000000c7000000, 0x00000000eab00000)
  object space 114688K, 80% used [0x00000000c0000000,0x00000000c59aad78,0x00000000c7000000)
 Metaspace       used 71770K, committed 72832K, reserved 1114112K
  class space    used 7629K, committed 8064K, reserved 1048576K
}
Event: 2176.298 GC heap before
{Heap before GC invocations=48 (full 5):
 PSYoungGen      total 22016K, used 21732K [0x00000000eab00000, 0x00000000ec680000, 0x0000000100000000)
  eden space 15872K, 100% used [0x00000000eab00000,0x00000000eba80000,0x00000000eba80000)
  from space 6144K, 95% used [0x00000000ebb00000,0x00000000ec0b9198,0x00000000ec100000)
  to   space 5632K, 0% used [0x00000000ec100000,0x00000000ec100000,0x00000000ec680000)
 ParOldGen       total 114688K, used 91819K [0x00000000c0000000, 0x00000000c7000000, 0x00000000eab00000)
  object space 114688K, 80% used [0x00000000c0000000,0x00000000c59aad78,0x00000000c7000000)
 Metaspace       used 71926K, committed 72960K, reserved 1114112K
  class space    used 7629K, committed 8064K, reserved 1048576K
}
Event: 2176.306 GC heap after
{Heap after GC invocations=48 (full 5):
 PSYoungGen      total 21504K, used 5348K [0x00000000eab00000, 0x00000000ec680000, 0x0000000100000000)
  eden space 15872K, 0% used [0x00000000eab00000,0x00000000eab00000,0x00000000eba80000)
  from space 5632K, 94% used [0x00000000ec100000,0x00000000ec639178,0x00000000ec680000)
  to   space 5632K, 0% used [0x00000000ebb80000,0x00000000ebb80000,0x00000000ec100000)
 ParOldGen       total 114688K, used 91827K [0x00000000c0000000, 0x00000000c7000000, 0x00000000eab00000)
  object space 114688K, 80% used [0x00000000c0000000,0x00000000c59acd78,0x00000000c7000000)
 Metaspace       used 71926K, committed 72960K, reserved 1114112K
  class space    used 7629K, committed 8064K, reserved 1048576K
}
Event: 2179.580 GC heap before
{Heap before GC invocations=49 (full 5):
 PSYoungGen      total 21504K, used 21220K [0x00000000eab00000, 0x00000000ec680000, 0x0000000100000000)
  eden space 15872K, 100% used [0x00000000eab00000,0x00000000eba80000,0x00000000eba80000)
  from space 5632K, 94% used [0x00000000ec100000,0x00000000ec639178,0x00000000ec680000)
  to   space 5632K, 0% used [0x00000000ebb80000,0x00000000ebb80000,0x00000000ec100000)
 ParOldGen       total 114688K, used 91827K [0x00000000c0000000, 0x00000000c7000000, 0x00000000eab00000)
  object space 114688K, 80% used [0x00000000c0000000,0x00000000c59acd78,0x00000000c7000000)
 Metaspace       used 72154K, committed 73216K, reserved 1114112K
  class space    used 7645K, committed 8064K, reserved 1048576K
}
Event: 2179.591 GC heap after
{Heap after GC invocations=49 (full 5):
 PSYoungGen      total 20992K, used 5044K [0x00000000eab00000, 0x00000000ec580000, 0x0000000100000000)
  eden space 15872K, 0% used [0x00000000eab00000,0x00000000eab00000,0x00000000eba80000)
  from space 5120K, 98% used [0x00000000ebb80000,0x00000000ec06d168,0x00000000ec080000)
  to   space 5120K, 0% used [0x00000000ec080000,0x00000000ec080000,0x00000000ec580000)
 ParOldGen       total 114688K, used 91835K [0x00000000c0000000, 0x00000000c7000000, 0x00000000eab00000)
  object space 114688K, 80% used [0x00000000c0000000,0x00000000c59aed78,0x00000000c7000000)
 Metaspace       used 72154K, committed 73216K, reserved 1114112K
  class space    used 7645K, committed 8064K, reserved 1048576K
}
Event: 2180.436 GC heap before
{Heap before GC invocations=50 (full 5):
 PSYoungGen      total 20992K, used 20916K [0x00000000eab00000, 0x00000000ec580000, 0x0000000100000000)
  eden space 15872K, 100% used [0x00000000eab00000,0x00000000eba80000,0x00000000eba80000)
  from space 5120K, 98% used [0x00000000ebb80000,0x00000000ec06d168,0x00000000ec080000)
  to   space 5120K, 0% used [0x00000000ec080000,0x00000000ec080000,0x00000000ec580000)
 ParOldGen       total 114688K, used 91835K [0x00000000c0000000, 0x00000000c7000000, 0x00000000eab00000)
  object space 114688K, 80% used [0x00000000c0000000,0x00000000c59aed78,0x00000000c7000000)
 Metaspace       used 72660K, committed 73664K, reserved 1122304K
  class space    used 7711K, committed 8128K, reserved 1048576K
}
Event: 2180.447 GC heap after
{Heap after GC invocations=50 (full 5):
 PSYoungGen      total 20992K, used 5118K [0x00000000eab00000, 0x00000000ec580000, 0x0000000100000000)
  eden space 15872K, 0% used [0x00000000eab00000,0x00000000eab00000,0x00000000eba80000)
  from space 5120K, 99% used [0x00000000ec080000,0x00000000ec57f868,0x00000000ec580000)
  to   space 5632K, 0% used [0x00000000eba80000,0x00000000eba80000,0x00000000ec000000)
 ParOldGen       total 114688K, used 92155K [0x00000000c0000000, 0x00000000c7000000, 0x00000000eab00000)
  object space 114688K, 80% used [0x00000000c0000000,0x00000000c59fed78,0x00000000c7000000)
 Metaspace       used 72660K, committed 73664K, reserved 1122304K
  class space    used 7711K, committed 8128K, reserved 1048576K
}

